# JRE version: OpenJDK Runtime Environment (21.0.3) (build 21.0.3+-12282718-b509.11)
# Java VM: OpenJDK 64-Bit Server VM (21.0.3+-12282718-b509.11, mixed mode, tiered, compressed oops, compressed class ptrs, g1 gc, windows-amd64)
GC Precious Log:
 CardTable entry size: 512
 Card Set container configuration: InlinePtr #cards 5 size 8 Array Of Cards #cards 12 size 40 Howl #buckets 4 coarsen threshold 1843 Howl Bitmap #cards 512 size 80 coarsen threshold 460 Card regions per heap region 1 cards per card region 2048
 CPUs: 8 total, 8 available
 Memory: 7991M
 Large Page Support: Disabled
 NUMA Support: Disabled
 Compressed Oops: Enabled (32-bit)
 Heap Region Size: 1M
 Heap Min Capacity: 8M
 Heap Initial Capacity: 126M
 Heap Max Capacity: 2G
 Pre-touch: Disabled
 Parallel Workers: 8
 Concurrent Workers: 2
 Concurrent Refinement Workers: 8
 Periodic GC: Disabled
Heap:
 garbage-first heap   total 93184K, used 49519K [0x0000000080000000, 0x0000000100000000)
  region size 1024K, 9 young (9216K), 2 survivors (2048K)
 Metaspace       used 40864K, committed 42048K, reserved 1114112K
  class space    used 5695K, committed 6272K, reserved 1048576K
GC Heap History (14 events):
Event: 0.518 GC heap before
{Heap before GC invocations=0 (full 0):
 garbage-first heap   total 129024K, used 26624K [0x0000000080000000, 0x0000000100000000)
  region size 1024K, 23 young (23552K), 0 survivors (0K)
 Metaspace       used 8131K, committed 8320K, reserved 1114112K
  class space    used 737K, committed 832K, reserved 1048576K
}
Event: 0.523 GC heap after
{Heap after GC invocations=1 (full 0):
 garbage-first heap   total 129024K, used 10367K [0x0000000080000000, 0x0000000100000000)
  region size 1024K, 3 young (3072K), 3 survivors (3072K)
 Metaspace       used 8131K, committed 8320K, reserved 1114112K
  class space    used 737K, committed 832K, reserved 1048576K
}
Event: 0.979 GC heap before
{Heap before GC invocations=1 (full 0):
 garbage-first heap   total 129024K, used 40063K [0x0000000080000000, 0x0000000100000000)
  region size 1024K, 33 young (33792K), 3 survivors (3072K)
 Metaspace       used 12027K, committed 12224K, reserved 1114112K
  class space    used 1278K, committed 1408K, reserved 1048576K
}
Event: 0.984 GC heap after
{Heap after GC invocations=2 (full 0):
 garbage-first heap   total 129024K, used 12137K [0x0000000080000000, 0x0000000100000000)
  region size 1024K, 2 young (2048K), 2 survivors (2048K)
 Metaspace       used 12027K, committed 12224K, reserved 1114112K
  class space    used 1278K, committed 1408K, reserved 1048576K
}
Event: 4.541 GC heap before
{Heap before GC invocations=2 (full 0):
 garbage-first heap   total 129024K, used 76649K [0x0000000080000000, 0x0000000100000000)
  region size 1024K, 64 young (65536K), 2 survivors (2048K)
 Metaspace       used 21175K, committed 21504K, reserved 1114112K
  class space    used 2438K, committed 2624K, reserved 1048576K
}
Event: 4.555 GC heap after
{Heap after GC invocations=3 (full 0):
 garbage-first heap   total 129024K, used 21148K [0x0000000080000000, 0x0000000100000000)
  region size 1024K, 10 young (10240K), 10 survivors (10240K)
 Metaspace       used 21175K, committed 21504K, reserved 1114112K
  class space    used 2438K, committed 2624K, reserved 1048576K
}
Event: 5.525 GC heap before
{Heap before GC invocations=4 (full 0):
 garbage-first heap   total 78848K, used 77468K [0x0000000080000000, 0x0000000100000000)
  region size 1024K, 65 young (66560K), 10 survivors (10240K)
 Metaspace       used 30322K, committed 30912K, reserved 1114112K
  class space    used 3923K, committed 4224K, reserved 1048576K
}
Event: 5.531 GC heap after
{Heap after GC invocations=5 (full 0):
 garbage-first heap   total 93184K, used 24548K [0x0000000080000000, 0x0000000100000000)
  region size 1024K, 4 young (4096K), 4 survivors (4096K)
 Metaspace       used 30322K, committed 30912K, reserved 1114112K
  class space    used 3923K, committed 4224K, reserved 1048576K
}
Event: 6.076 GC heap before
{Heap before GC invocations=5 (full 0):
 garbage-first heap   total 93184K, used 72676K [0x0000000080000000, 0x0000000100000000)
  region size 1024K, 42 young (43008K), 4 survivors (4096K)
 Metaspace       used 35092K, committed 35968K, reserved 1114112K
  class space    used 4746K, committed 5184K, reserved 1048576K
}
Event: 6.081 GC heap after
{Heap after GC invocations=6 (full 0):
 garbage-first heap   total 93184K, used 41655K [0x0000000080000000, 0x0000000100000000)
  region size 1024K, 6 young (6144K), 6 survivors (6144K)
 Metaspace       used 35092K, committed 35968K, reserved 1114112K
  class space    used 4746K, committed 5184K, reserved 1048576K
}
Event: 6.134 GC heap before
{Heap before GC invocations=6 (full 0):
 garbage-first heap   total 93184K, used 45751K [0x0000000080000000, 0x0000000100000000)
  region size 1024K, 11 young (11264K), 6 survivors (6144K)
 Metaspace       used 35464K, committed 36288K, reserved 1114112K
  class space    used 4806K, committed 5248K, reserved 1048576K
}
Event: 6.136 GC heap after
{Heap after GC invocations=7 (full 0):
 garbage-first heap   total 93184K, used 41952K [0x0000000080000000, 0x0000000100000000)
  region size 1024K, 1 young (1024K), 1 survivors (1024K)
 Metaspace       used 35464K, committed 36288K, reserved 1114112K
  class space    used 4806K, committed 5248K, reserved 1048576K
}
Event: 6.701 GC heap before
{Heap before GC invocations=8 (full 0):
 garbage-first heap   total 93184K, used 78816K [0x0000000080000000, 0x0000000100000000)
  region size 1024K, 37 young (37888K), 1 survivors (1024K)
 Metaspace       used 40071K, committed 41152K, reserved 1114112K
  class space    used 5554K, committed 6080K, reserved 1048576K
}
Event: 6.703 GC heap after
{Heap after GC invocations=9 (full 0):
 garbage-first heap   total 93184K, used 43375K [0x0000000080000000, 0x0000000100000000)
  region size 1024K, 2 young (2048K), 2 survivors (2048K)
 Metaspace       used 40071K, committed 41152K, reserved 1114112K
  class space    used 5554K, committed 6080K, reserved 1048576K
}

