# JRE version: OpenJDK Runtime Environment (21.0.3) (build 21.0.3+-12282718-b509.11)
# Java VM: OpenJDK 64-Bit Server VM (21.0.3+-12282718-b509.11, mixed mode, tiered, compressed oops, compressed class ptrs, g1 gc, windows-amd64)
GC Precious Log:
 CardTable entry size: 512
 Card Set container configuration: InlinePtr #cards 5 size 8 Array Of Cards #cards 12 size 40 Howl #buckets 4 coarsen threshold 1843 Howl Bitmap #cards 512 size 80 coarsen threshold 460 Card regions per heap region 1 cards per card region 2048
 CPUs: 8 total, 8 available
 Memory: 7991M
 Large Page Support: Disabled
 NUMA Support: Disabled
 Compressed Oops: Enabled (32-bit)
 Heap Region Size: 1M
 Heap Min Capacity: 8M
 Heap Initial Capacity: 126M
 Heap Max Capacity: 2G
 Pre-touch: Disabled
 Parallel Workers: 8
 Concurrent Workers: 2
 Concurrent Refinement Workers: 8
 Periodic GC: Disabled
Heap:
 garbage-first heap   total 244736K, used 175689K [0x0000000080000000, 0x0000000100000000)
  region size 1024K, 14 young (14336K), 5 survivors (5120K)
 Metaspace       used 116066K, committed 118272K, reserved 1179648K
  class space    used 15917K, committed 17024K, reserved 1048576K
GC Heap History (20 events):
Event: 11.578 GC heap before
{Heap before GC invocations=28 (full 0):
 garbage-first heap   total 190464K, used 179884K [0x0000000080000000, 0x0000000100000000)
  region size 1024K, 77 young (78848K), 5 survivors (5120K)
 Metaspace       used 81049K, committed 82880K, reserved 1179648K
  class space    used 11008K, committed 11904K, reserved 1048576K
}
Event: 11.586 GC heap after
{Heap after GC invocations=29 (full 0):
 garbage-first heap   total 194560K, used 114299K [0x0000000080000000, 0x0000000100000000)
  region size 1024K, 10 young (10240K), 10 survivors (10240K)
 Metaspace       used 81049K, committed 82880K, reserved 1179648K
  class space    used 11008K, committed 11904K, reserved 1048576K
}
Event: 12.302 GC heap before
{Heap before GC invocations=29 (full 0):
 garbage-first heap   total 194560K, used 171643K [0x0000000080000000, 0x0000000100000000)
  region size 1024K, 66 young (67584K), 10 survivors (10240K)
 Metaspace       used 86729K, committed 88576K, reserved 1179648K
  class space    used 11706K, committed 12672K, reserved 1048576K
}
Event: 12.308 GC heap after
{Heap after GC invocations=30 (full 0):
 garbage-first heap   total 194560K, used 115130K [0x0000000080000000, 0x0000000100000000)
  region size 1024K, 3 young (3072K), 3 survivors (3072K)
 Metaspace       used 86729K, committed 88576K, reserved 1179648K
  class space    used 11706K, committed 12672K, reserved 1048576K
}
Event: 12.487 GC heap before
{Heap before GC invocations=30 (full 0):
 garbage-first heap   total 194560K, used 131514K [0x0000000080000000, 0x0000000100000000)
  region size 1024K, 20 young (20480K), 3 survivors (3072K)
 Metaspace       used 88189K, committed 90176K, reserved 1179648K
  class space    used 11941K, committed 12928K, reserved 1048576K
}
Event: 12.491 GC heap after
{Heap after GC invocations=31 (full 0):
 garbage-first heap   total 194560K, used 116439K [0x0000000080000000, 0x0000000100000000)
  region size 1024K, 4 young (4096K), 4 survivors (4096K)
 Metaspace       used 88189K, committed 90176K, reserved 1179648K
  class space    used 11941K, committed 12928K, reserved 1048576K
}
Event: 13.098 GC heap before
{Heap before GC invocations=32 (full 0):
 garbage-first heap   total 224256K, used 178903K [0x0000000080000000, 0x0000000100000000)
  region size 1024K, 61 young (62464K), 4 survivors (4096K)
 Metaspace       used 91655K, committed 93632K, reserved 1179648K
  class space    used 12407K, committed 13376K, reserved 1048576K
}
Event: 13.103 GC heap after
{Heap after GC invocations=33 (full 0):
 garbage-first heap   total 224256K, used 121885K [0x0000000080000000, 0x0000000100000000)
  region size 1024K, 8 young (8192K), 8 survivors (8192K)
 Metaspace       used 91655K, committed 93632K, reserved 1179648K
  class space    used 12407K, committed 13376K, reserved 1048576K
}
Event: 14.020 GC heap before
{Heap before GC invocations=33 (full 0):
 garbage-first heap   total 224256K, used 198685K [0x0000000080000000, 0x0000000100000000)
  region size 1024K, 79 young (80896K), 8 survivors (8192K)
 Metaspace       used 98328K, committed 100352K, reserved 1179648K
  class space    used 13277K, committed 14272K, reserved 1048576K
}
Event: 14.027 GC heap after
{Heap after GC invocations=34 (full 0):
 garbage-first heap   total 224256K, used 129838K [0x0000000080000000, 0x0000000100000000)
  region size 1024K, 10 young (10240K), 10 survivors (10240K)
 Metaspace       used 98328K, committed 100352K, reserved 1179648K
  class space    used 13277K, committed 14272K, reserved 1048576K
}
Event: 14.875 GC heap before
{Heap before GC invocations=34 (full 0):
 garbage-first heap   total 224256K, used 200494K [0x0000000080000000, 0x0000000100000000)
  region size 1024K, 79 young (80896K), 10 survivors (10240K)
 Metaspace       used 101207K, committed 103296K, reserved 1179648K
  class space    used 13672K, committed 14720K, reserved 1048576K
}
Event: 14.881 GC heap after
{Heap after GC invocations=35 (full 0):
 garbage-first heap   total 224256K, used 135040K [0x0000000080000000, 0x0000000100000000)
  region size 1024K, 10 young (10240K), 10 survivors (10240K)
 Metaspace       used 101207K, committed 103296K, reserved 1179648K
  class space    used 13672K, committed 14720K, reserved 1048576K
}
Event: 15.563 GC heap before
{Heap before GC invocations=36 (full 0):
 garbage-first heap   total 234496K, used 201600K [0x0000000080000000, 0x0000000100000000)
  region size 1024K, 74 young (75776K), 10 survivors (10240K)
 Metaspace       used 106198K, committed 108224K, reserved 1179648K
  class space    used 14514K, committed 15552K, reserved 1048576K
}
Event: 15.569 GC heap after
{Heap after GC invocations=37 (full 0):
 garbage-first heap   total 234496K, used 137361K [0x0000000080000000, 0x0000000100000000)
  region size 1024K, 8 young (8192K), 8 survivors (8192K)
 Metaspace       used 106198K, committed 108224K, reserved 1179648K
  class space    used 14514K, committed 15552K, reserved 1048576K
}
Event: 16.399 GC heap before
{Heap before GC invocations=37 (full 0):
 garbage-first heap   total 234496K, used 226449K [0x0000000080000000, 0x0000000100000000)
  region size 1024K, 81 young (82944K), 8 survivors (8192K)
 Metaspace       used 112156K, committed 114368K, reserved 1179648K
  class space    used 15399K, committed 16512K, reserved 1048576K
}
Event: 16.407 GC heap after
{Heap after GC invocations=38 (full 0):
 garbage-first heap   total 244736K, used 159932K [0x0000000080000000, 0x0000000100000000)
  region size 1024K, 10 young (10240K), 10 survivors (10240K)
 Metaspace       used 112156K, committed 114368K, reserved 1179648K
  class space    used 15399K, committed 16512K, reserved 1048576K
}
Event: 17.342 GC heap before
{Heap before GC invocations=38 (full 0):
 garbage-first heap   total 244736K, used 219324K [0x0000000080000000, 0x0000000100000000)
  region size 1024K, 69 young (70656K), 10 survivors (10240K)
 Metaspace       used 116051K, committed 118272K, reserved 1179648K
  class space    used 15915K, committed 17024K, reserved 1048576K
}
Event: 17.356 GC heap after
{Heap after GC invocations=39 (full 0):
 garbage-first heap   total 244736K, used 165020K [0x0000000080000000, 0x0000000100000000)
  region size 1024K, 6 young (6144K), 6 survivors (6144K)
 Metaspace       used 116051K, committed 118272K, reserved 1179648K
  class space    used 15915K, committed 17024K, reserved 1048576K
}
Event: 18.112 GC heap before
{Heap before GC invocations=39 (full 0):
 garbage-first heap   total 244736K, used 224412K [0x0000000080000000, 0x0000000100000000)
  region size 1024K, 64 young (65536K), 6 survivors (6144K)
 Metaspace       used 116066K, committed 118272K, reserved 1179648K
  class space    used 15917K, committed 17024K, reserved 1048576K
}
Event: 18.118 GC heap after
{Heap after GC invocations=40 (full 0):
 garbage-first heap   total 244736K, used 167497K [0x0000000080000000, 0x0000000100000000)
  region size 1024K, 5 young (5120K), 5 survivors (5120K)
 Metaspace       used 116066K, committed 118272K, reserved 1179648K
  class space    used 15917K, committed 17024K, reserved 1048576K
}

